<?xml version="1.0" encoding="UTF-8"?>
<!-- Generated by org.testng.reporters.JUnitReportReporter -->
<testsuite hostname="Ninad-Legion" failures="0" tests="1" name="restTests.JsonSchemaValidator" time="1.540" errors="0" timestamp="2023-10-28T15:18:07 IST" skipped="0">
  <testcase classname="restTests.JsonSchemaValidator" name="testingRest_2" time="1.540"/>
  <system-out/>
</testsuite> <!-- restTests.JsonSchemaValidator -->
