<?xml version="1.0" encoding="UTF-8"?>
<!-- Generated by org.testng.reporters.JUnitReportReporter -->
<testsuite hostname="Ninad-Legion" failures="0" tests="1" name="restTests.SoapXMLValidation" time="1.396" errors="0" timestamp="2023-10-28T16:19:41 IST" skipped="0">
  <testcase classname="restTests.SoapXMLValidation" name="validateSoapXML" time="1.396"/>
  <system-out/>
</testsuite> <!-- restTests.SoapXMLValidation -->
