<?xml version="1.0" encoding="UTF-8"?>
<!-- Generated by org.testng.reporters.JUnitReportReporter -->
<testsuite hostname="Ninad-Legion" failures="0" tests="5" name="restTests.TestLocalAPIRequests" time="1.280" errors="0" timestamp="2023-10-28T14:09:18 IST" skipped="0">
  <testcase classname="restTests.TestLocalAPIRequests" name="testRestLocalAPIGet" time="1.098"/>
  <system-out/>
  <testcase classname="restTests.TestLocalAPIRequests" name="testRestLocalAPIPost" time="0.063"/>
  <system-out/>
  <testcase classname="restTests.TestLocalAPIRequests" name="testRestLocalAPIPut" time="0.047"/>
  <system-out/>
  <testcase classname="restTests.TestLocalAPIRequests" name="testRestLocalAPIPatch" time="0.032"/>
  <system-out/>
  <testcase classname="restTests.TestLocalAPIRequests" name="testRestLocalAPIDelete" time="0.040"/>
  <system-out/>
</testsuite> <!-- restTests.TestLocalAPIRequests -->
