<?xml version="1.0" encoding="UTF-8"?>
<!-- Generated by org.testng.reporters.JUnitReportReporter -->
<testsuite hostname="Ninad-Legion" failures="0" tests="3" name="restTests.TestPutPatchDeleteRequest" time="2.090" errors="0" timestamp="2023-10-28T12:46:59 IST" skipped="0">
  <testcase classname="restTests.TestPutPatchDeleteRequest" name="testRestPost" time="1.462"/>
  <system-out/>
  <testcase classname="restTests.TestPutPatchDeleteRequest" name="testRestPatch" time="0.298"/>
  <system-out/>
  <testcase classname="restTests.TestPutPatchDeleteRequest" name="testRestDelete" time="0.330"/>
  <system-out/>
</testsuite> <!-- restTests.TestPutPatchDeleteRequest -->
