<?xml version="1.0" encoding="UTF-8"?>
<!-- Generated by org.testng.reporters.JUnitReportReporter -->
<testsuite hostname="Ninad-Legion" failures="0" tests="1" name="restTests.TestPostRequest" time="1.867" errors="0" timestamp="2023-10-28T11:12:43 IST" skipped="0">
  <testcase classname="restTests.TestPostRequest" name="testRestPost" time="1.867"/>
  <system-out/>
</testsuite> <!-- restTests.TestPostRequest -->
